<?xml version="1.0" encoding="UTF-8"?>
<!-- Generated by org.testng.reporters.JUnitReportReporter -->
<testsuite hostname="User" failures="0" tests="9" name="day45.ParamTest" time="0.298" errors="0" timestamp="2024-08-14T11:28:49 BDT" skipped="0">
  <testcase classname="day45.ParamTest" name="testlogo" time="0.064"/>
  <system-out/>
  <testcase classname="day45.ParamTest" name="testlogo" time="0.096"/>
  <system-out/>
  <testcase classname="day45.ParamTest" name="testlogo" time="0.048"/>
  <system-out/>
  <testcase classname="day45.ParamTest" name="testTitle" time="0.018"/>
  <system-out/>
  <testcase classname="day45.ParamTest" name="testTitle" time="0.017"/>
  <system-out/>
  <testcase classname="day45.ParamTest" name="testUrl" time="0.025"/>
  <system-out/>
  <testcase classname="day45.ParamTest" name="testUrl" time="0.006"/>
  <system-out/>
  <testcase classname="day45.ParamTest" name="testUrl" time="0.014"/>
  <system-out/>
  <testcase classname="day45.ParamTest" name="testTitle" time="0.010"/>
  <system-out/>
</testsuite> <!-- day45.ParamTest -->
