<?xml version="1.0" encoding="UTF-8"?>
<!-- Generated by org.testng.reporters.JUnitReportReporter -->
<testsuite hostname="User" failures="0" tests="3" name="day44.LoginTest" time="0.015" errors="0" timestamp="2024-08-13T17:08:16 BDT" skipped="0">
  <testcase classname="day44.LoginTest" name="loginbyEmail" time="0.010"/>
  <system-out/>
  <testcase classname="day44.LoginTest" name="loginbyfacebook" time="0.003"/>
  <system-out/>
  <testcase classname="day44.LoginTest" name="loginbytwitter" time="0.002"/>
  <system-out/>
</testsuite> <!-- day44.LoginTest -->
