<?xml version="1.0" encoding="UTF-8"?>
<!-- Generated by org.testng.reporters.JUnitReportReporter -->
<testsuite hostname="User" failures="0" tests="2" name="day43.AnnotationDemo2" time="0.011" errors="0" timestamp="2024-08-13T13:17:05 BDT" skipped="0">
  <testcase classname="day43.AnnotationDemo2" name="search" time="0.009"/>
  <system-out/>
  <testcase classname="day43.AnnotationDemo2" name="advancesearch" time="0.002"/>
  <system-out/>
</testsuite> <!-- day43.AnnotationDemo2 -->
