<?xml version="1.0" encoding="UTF-8"?>
<!-- Generated by org.testng.reporters.JUnitReportReporter -->
<testsuite hostname="User" failures="0" tests="3" name="day42.FirstTestCase" time="0.013" errors="0" timestamp="2024-08-13T12:31:34 BDT" skipped="0">
  <testcase classname="day42.FirstTestCase" name="openapp" time="0.010"/>
  <system-out/>
  <testcase classname="day42.FirstTestCase" name="login" time="0.001"/>
  <system-out/>
  <testcase classname="day42.FirstTestCase" name="logout" time="0.002"/>
  <system-out/>
</testsuite> <!-- day42.FirstTestCase -->
