<?xml version="1.0" encoding="UTF-8"?>
<!-- Generated by org.testng.reporters.JUnitReportReporter -->
<testsuite hostname="User" failures="0" tests="4" name="day42.OrangeHrmTest" time="43.341" errors="0" timestamp="2024-08-13T12:27:48 BDT" skipped="0">
  <testcase classname="day42.OrangeHrmTest" name="openadd" time="35.920"/>
  <system-out/>
  <testcase classname="day42.OrangeHrmTest" name="testlogo" time="3.045"/>
  <system-out/>
  <testcase classname="day42.OrangeHrmTest" name="login" time="1.896"/>
  <system-out/>
  <testcase classname="day42.OrangeHrmTest" name="logout" time="2.480"/>
  <system-out/>
</testsuite> <!-- day42.OrangeHrmTest -->
