<?xml version="1.0" encoding="UTF-8"?>
<!-- Generated by org.testng.reporters.JUnitReportReporter -->
<testsuite hostname="User" failures="0" tests="1" name="day47.LoginTest" time="0.681" errors="0" timestamp="2024-08-14T16:47:23 BDT" skipped="0">
  <testcase classname="day47.LoginTest" name="login" time="0.681"/>
  <system-out/>
</testsuite> <!-- day47.LoginTest -->
