<?xml version="1.0" encoding="UTF-8"?>
<!-- Generated by org.testng.reporters.JUnitReportReporter -->
<testsuite hostname="User" failures="0" tests="2" name="day43.AllAnnotstions" time="0.008" errors="0" timestamp="2024-08-13T14:36:35 BDT" skipped="0">
  <testcase classname="day43.AllAnnotstions" name="tm1" time="0.006"/>
  <system-out/>
  <testcase classname="day43.AllAnnotstions" name="tm2" time="0.002"/>
  <system-out/>
</testsuite> <!-- day43.AllAnnotstions -->
