<?xml version="1.0" encoding="UTF-8"?>
<!-- Generated by org.testng.reporters.JUnitReportReporter -->
<testsuite hostname="User" failures="0" tests="2" name="day43.AnnotationDemo1" time="0.015" errors="0" timestamp="2024-08-13T13:05:53 BDT" skipped="0">
  <testcase classname="day43.AnnotationDemo1" name="search" time="0.008"/>
  <system-out/>
  <testcase classname="day43.AnnotationDemo1" name="advancesearch" time="0.007"/>
  <system-out/>
</testsuite> <!-- day43.AnnotationDemo1 -->
