<?xml version="1.0" encoding="UTF-8"?>
<!-- Generated by org.testng.reporters.JUnitReportReporter -->
<testsuite hostname="User" failures="0" tests="2" name="day44.PaymentTest" time="0.010" errors="0" timestamp="2024-08-13T17:03:47 BDT" skipped="0">
  <testcase classname="day44.PaymentTest" name="PaymentbyTk" time="0.008"/>
  <system-out/>
  <testcase classname="day44.PaymentTest" name="PaymentbyDollar" time="0.002"/>
  <system-out/>
</testsuite> <!-- day44.PaymentTest -->
