<?xml version="1.0" encoding="UTF-8"?>
<!-- Generated by org.testng.reporters.JUnitReportReporter -->
<testsuite hostname="User" failures="0" tests="3" name="day44.SignUpTest" time="0.003" errors="0" timestamp="2024-08-13T17:08:16 BDT" skipped="0">
  <testcase classname="day44.SignUpTest" name="signupbyEmail" time="0.001"/>
  <system-out/>
  <testcase classname="day44.SignUpTest" name="signupbyfacebook" time="0.001"/>
  <system-out/>
  <testcase classname="day44.SignUpTest" name="signupbytwitter" time="0.001"/>
  <system-out/>
</testsuite> <!-- day44.SignUpTest -->
